[INFO  Thu Nov 14 22:07:35 2024] ...e/nvim/lazy/mason.nvim/lua/mason-core/installer/init.lua:184: Executing installer for Package(name=stylua) {}
[INFO  Thu Nov 14 22:07:35 2024] ...e/nvim/lazy/mason.nvim/lua/mason-core/installer/init.lua:184: Executing installer for Package(name=shfmt) {}
[INFO  Thu Nov 14 22:07:36 2024] ...e/nvim/lazy/mason.nvim/lua/mason-core/installer/init.lua:245: Installation succeeded for Package(name=shfmt)
[INFO  Thu Nov 14 22:07:36 2024] ...e/nvim/lazy/mason.nvim/lua/mason-core/installer/init.lua:245: Installation succeeded for Package(name=stylua)
[INFO  Thu Nov 14 22:18:00 2024] ...e/nvim/lazy/mason.nvim/lua/mason-core/installer/init.lua:184: Executing installer for Package(name=stylua) {}
[INFO  Thu Nov 14 22:18:00 2024] ...e/nvim/lazy/mason.nvim/lua/mason-core/installer/init.lua:184: Executing installer for Package(name=shfmt) {}
[INFO  Thu Nov 14 22:18:01 2024] ...e/nvim/lazy/mason.nvim/lua/mason-core/installer/init.lua:245: Installation succeeded for Package(name=shfmt)
[INFO  Thu Nov 14 22:18:01 2024] ...e/nvim/lazy/mason.nvim/lua/mason-core/installer/init.lua:245: Installation succeeded for Package(name=stylua)
[INFO  Thu Nov 14 22:21:55 2024] ...e/nvim/lazy/mason.nvim/lua/mason-core/installer/init.lua:184: Executing installer for Package(name=prettier) {}
[INFO  Thu Nov 14 22:21:55 2024] ...e/nvim/lazy/mason.nvim/lua/mason-core/installer/init.lua:184: Executing installer for Package(name=isort) {}
[INFO  Thu Nov 14 22:21:55 2024] ...e/nvim/lazy/mason.nvim/lua/mason-core/installer/init.lua:184: Executing installer for Package(name=black) {}
[INFO  Thu Nov 14 22:21:55 2024] ...e/nvim/lazy/mason.nvim/lua/mason-core/installer/init.lua:184: Executing installer for Package(name=pylint) {}
[INFO  Thu Nov 14 22:21:56 2024] ...e/nvim/lazy/mason.nvim/lua/mason-core/installer/init.lua:184: Executing installer for Package(name=eslint_d) {}
[INFO  Thu Nov 14 22:21:56 2024] ...e/nvim/lazy/mason.nvim/lua/mason-core/installer/init.lua:245: Installation succeeded for Package(name=prettier)
[ERROR Thu Nov 14 22:21:58 2024] ...e/nvim/lazy/mason.nvim/lua/mason-core/installer/init.lua:249: Installation failed for Package(name=pylint) error="Installation was aborted."
[ERROR Thu Nov 14 22:21:58 2024] ...e/nvim/lazy/mason.nvim/lua/mason-core/installer/init.lua:249: Installation failed for Package(name=black) error="Installation was aborted."
[ERROR Thu Nov 14 22:21:58 2024] ...e/nvim/lazy/mason.nvim/lua/mason-core/installer/init.lua:249: Installation failed for Package(name=isort) error="Installation was aborted."
[ERROR Thu Nov 14 22:21:58 2024] ...e/nvim/lazy/mason.nvim/lua/mason-core/installer/init.lua:249: Installation failed for Package(name=eslint_d) error="Installation was aborted."
[INFO  Thu Nov 14 22:22:23 2024] ...e/nvim/lazy/mason.nvim/lua/mason-core/installer/init.lua:184: Executing installer for Package(name=isort) {}
[INFO  Thu Nov 14 22:22:23 2024] ...e/nvim/lazy/mason.nvim/lua/mason-core/installer/init.lua:184: Executing installer for Package(name=black) {}
[INFO  Thu Nov 14 22:22:23 2024] ...e/nvim/lazy/mason.nvim/lua/mason-core/installer/init.lua:184: Executing installer for Package(name=pylint) {}
[INFO  Thu Nov 14 22:22:23 2024] ...e/nvim/lazy/mason.nvim/lua/mason-core/installer/init.lua:184: Executing installer for Package(name=eslint_d) {}
[ERROR Thu Nov 14 22:22:24 2024] ...e/nvim/lazy/mason.nvim/lua/mason-core/installer/init.lua:249: Installation failed for Package(name=black) error="Installation was aborted."
[ERROR Thu Nov 14 22:22:24 2024] ...e/nvim/lazy/mason.nvim/lua/mason-core/installer/init.lua:249: Installation failed for Package(name=pylint) error="Installation was aborted."
[ERROR Thu Nov 14 22:22:24 2024] ...e/nvim/lazy/mason.nvim/lua/mason-core/installer/init.lua:249: Installation failed for Package(name=isort) error="Installation was aborted."
[ERROR Thu Nov 14 22:22:25 2024] ...e/nvim/lazy/mason.nvim/lua/mason-core/installer/init.lua:249: Installation failed for Package(name=eslint_d) error="Installation was aborted."
